-------------------------------------------------------------------------------
Test set: ec.edu.espe.complexoperations.controller.PersonControllerTest
-------------------------------------------------------------------------------
Tests run: 2, Failures: 1, Errors: 0, Skipped: 0, Time elapsed: 0.055 s <<< FAILURE! -- in ec.edu.espe.complexoperations.controller.PersonControllerTest
ec.edu.espe.complexoperations.controller.PersonControllerTest.testComputeAgeInDays -- Time elapsed: 0.036 s <<< FAILURE!
org.opentest4j.AssertionFailedError: expected: <7187> but was: <7188>
	at org.junit.jupiter.api.AssertionFailureBuilder.build(AssertionFailureBuilder.java:151)
	at org.junit.jupiter.api.AssertionFailureBuilder.buildAndThrow(AssertionFailureBuilder.java:132)
	at org.junit.jupiter.api.AssertEquals.failNotEqual(AssertEquals.java:197)
	at org.junit.jupiter.api.AssertEquals.assertEquals(AssertEquals.java:166)
	at org.junit.jupiter.api.AssertEquals.assertEquals(AssertEquals.java:161)
	at org.junit.jupiter.api.Assertions.assertEquals(Assertions.java:632)
	at ec.edu.espe.complexoperations.controller.PersonControllerTest.testComputeAgeInDays(PersonControllerTest.java:41)
	at java.base/java.lang.reflect.Method.invoke(Method.java:580)
	at java.base/java.util.ArrayList.forEach(ArrayList.java:1597)
	at java.base/java.util.ArrayList.forEach(ArrayList.java:1597)

