<?xml version="1.0" encoding="UTF-8" ?>
<testsuite tests="2" failures="0" name="ec.edu.espe.complexcotroller.controller.PersonControllerTest" time="0.052" errors="0" skipped="0">
  <properties>
[...]
</properties>
  <testcase classname="ec.edu.espe.complexcotroller.controller.PersonControllerTest" name="ec.edu.espe.complexcotroller.controller.PersonControllerTest.testComputeAgeInDays" time="0.052"/>
  <testcase classname="ec.edu.espe.complexcotroller.controller.PersonControllerTest" name="ec.edu.espe.complexcotroller.controller.PersonControllerTest.testComputeAgeInYears" time="0"/>
</testsuite>