<?xml version="1.0" encoding="UTF-8"?>
<testsuite xmlns:xsi="http://www.w3.org/2001/XMLSchema-instance" xsi:noNamespaceSchemaLocation="https://maven.apache.org/surefire/maven-surefire-plugin/xsd/surefire-test-report-3.0.xsd" version="3.0" name="WeightCalculatorTest" time="0.075" tests="10" errors="0" skipped="0" failures="3">
  <properties>
[...]
</properties>
  <testcase name="testPositiveMassAndGravityEarth" classname="WeightCalculatorTest" time="0.034"/>
  <testcase name="testSmallMassAndGravity" classname="WeightCalculatorTest" time="0.001"/>
  <testcase name="testNegativeMassAndNegativeGravity" classname="WeightCalculatorTest" time="0.001"/>
  <testcase name="testLargeMassAndPositiveGravity" classname="WeightCalculatorTest" time="0.0"/>
  <testcase name="testPositiveMassAndZeroGravity" classname="WeightCalculatorTest" time="0.0"/>
  <testcase name="testNegativeMassAndPositiveGravityWithError" classname="WeightCalculatorTest" time="0.0">
    <failure message="expected: &lt;-97.1&gt; but was: &lt;-98.10000000000001&gt;" type="org.opentest4j.AssertionFailedError"><![CDATA[org.opentest4j.AssertionFailedError: expected: <-97.1> but was: <-98.10000000000001>
	at org.junit.jupiter.api.AssertionFailureBuilder.build(AssertionFailureBuilder.java:151)
	at org.junit.jupiter.api.AssertionFailureBuilder.buildAndThrow(AssertionFailureBuilder.java:132)
	at org.junit.jupiter.api.AssertEquals.failNotEqual(AssertEquals.java:197)
	at org.junit.jupiter.api.AssertEquals.assertEquals(AssertEquals.java:86)
	at org.junit.jupiter.api.AssertEquals.assertEquals(AssertEquals.java:81)
	at org.junit.jupiter.api.Assertions.assertEquals(Assertions.java:1014)
	at WeightCalculatorTest.testNegativeMassAndPositiveGravityWithError(WeightCalculatorTest.java:45)
	at java.base/java.lang.reflect.Method.invoke(Method.java:580)
	at java.base/java.util.ArrayList.forEach(ArrayList.java:1597)
	at java.base/java.util.ArrayList.forEach(ArrayList.java:1597)
]]></failure>
  </testcase>
  <testcase name="testPositiveMassAndLargeGravityWithError" classname="WeightCalculatorTest" time="0.015">
    <failure message="expected: &lt;1.0000001E7&gt; but was: &lt;1.0E7&gt;" type="org.opentest4j.AssertionFailedError"><![CDATA[org.opentest4j.AssertionFailedError: expected: <1.0000001E7> but was: <1.0E7>
	at org.junit.jupiter.api.AssertionFailureBuilder.build(AssertionFailureBuilder.java:151)
	at org.junit.jupiter.api.AssertionFailureBuilder.buildAndThrow(AssertionFailureBuilder.java:132)
	at org.junit.jupiter.api.AssertEquals.failNotEqual(AssertEquals.java:197)
	at org.junit.jupiter.api.AssertEquals.assertEquals(AssertEquals.java:86)
	at org.junit.jupiter.api.AssertEquals.assertEquals(AssertEquals.java:81)
	at org.junit.jupiter.api.Assertions.assertEquals(Assertions.java:1014)
	at WeightCalculatorTest.testPositiveMassAndLargeGravityWithError(WeightCalculatorTest.java:75)
	at java.base/java.lang.reflect.Method.invoke(Method.java:580)
	at java.base/java.util.ArrayList.forEach(ArrayList.java:1597)
	at java.base/java.util.ArrayList.forEach(ArrayList.java:1597)
]]></failure>
  </testcase>
  <testcase name="testZeroMassAndPositiveGravity" classname="WeightCalculatorTest" time="0.004"/>
  <testcase name="testPositiveMassAndGravityMoon" classname="WeightCalculatorTest" time="0.0"/>
  <testcase name="testPositiveMassAndNegativeGravityWithError" classname="WeightCalculatorTest" time="0.002">
    <failure message="expected: &lt;-99.1&gt; but was: &lt;-98.10000000000001&gt;" type="org.opentest4j.AssertionFailedError"><![CDATA[org.opentest4j.AssertionFailedError: expected: <-99.1> but was: <-98.10000000000001>
	at org.junit.jupiter.api.AssertionFailureBuilder.build(AssertionFailureBuilder.java:151)
	at org.junit.jupiter.api.AssertionFailureBuilder.buildAndThrow(AssertionFailureBuilder.java:132)
	at org.junit.jupiter.api.AssertEquals.failNotEqual(AssertEquals.java:197)
	at org.junit.jupiter.api.AssertEquals.assertEquals(AssertEquals.java:86)
	at org.junit.jupiter.api.AssertEquals.assertEquals(AssertEquals.java:81)
	at org.junit.jupiter.api.Assertions.assertEquals(Assertions.java:1014)
	at WeightCalculatorTest.testPositiveMassAndNegativeGravityWithError(WeightCalculatorTest.java:53)
	at java.base/java.lang.reflect.Method.invoke(Method.java:580)
	at java.base/java.util.ArrayList.forEach(ArrayList.java:1597)
	at java.base/java.util.ArrayList.forEach(ArrayList.java:1597)
]]></failure>
  </testcase>
</testsuite>