<?xml version="1.0" encoding="UTF-8"?>
<testsuite xmlns:xsi="http://www.w3.org/2001/XMLSchema-instance" xsi:noNamespaceSchemaLocation="https://maven.apache.org/surefire/maven-surefire-plugin/xsd/surefire-test-report-3.0.xsd" version="3.0" name="ec.edu.espe.complexoperations.controller.OperationTest" time="0.055" tests="10" errors="0" skipped="0" failures="0">
  <properties>
[...]
</properties>
  <testcase name="testAddOneNegativeNumberAndOnePositive1" classname="ec.edu.espe.complexoperations.controller.OperationTest" time="0.021">
    <system-out><![CDATA[addTwoNumbers
]]></system-out>
  </testcase>
  <testcase name="testAddOneNegativeNumberAndOnePositive2" classname="ec.edu.espe.complexoperations.controller.OperationTest" time="0.001">
    <system-out><![CDATA[addTwoNumbers
]]></system-out>
  </testcase>
  <testcase name="testAddOneNegativeNumberAndOnePositive3" classname="ec.edu.espe.complexoperations.controller.OperationTest" time="0.001">
    <system-out><![CDATA[addTwoNumbers
]]></system-out>
  </testcase>
  <testcase name="testAddTwoNegativeNumbers1" classname="ec.edu.espe.complexoperations.controller.OperationTest" time="0.001">
    <system-out><![CDATA[addTwoNumbers
]]></system-out>
  </testcase>
  <testcase name="testAddTwoNegativeNumbers2" classname="ec.edu.espe.complexoperations.controller.OperationTest" time="0.001">
    <system-out><![CDATA[addTwoNumbers
]]></system-out>
  </testcase>
  <testcase name="testAddTwoNegativeNumbers3" classname="ec.edu.espe.complexoperations.controller.OperationTest" time="0.001">
    <system-out><![CDATA[addTwoNumbers
]]></system-out>
  </testcase>
  <testcase name="testAddTwoNumbers" classname="ec.edu.espe.complexoperations.controller.OperationTest" time="0.001">
    <system-out><![CDATA[addTwoNumbers
]]></system-out>
  </testcase>
  <testcase name="testAddTwoPositiveNumbers1" classname="ec.edu.espe.complexoperations.controller.OperationTest" time="0.001">
    <system-out><![CDATA[addTwoNumbers
]]></system-out>
  </testcase>
  <testcase name="testAddTwoPositiveNumbers2" classname="ec.edu.espe.complexoperations.controller.OperationTest" time="0.001">
    <system-out><![CDATA[addTwoNumbers
]]></system-out>
  </testcase>
  <testcase name="testAddTwoPositiveNumbers3" classname="ec.edu.espe.complexoperations.controller.OperationTest" time="0.0">
    <system-out><![CDATA[addTwoNumbers
]]></system-out>
  </testcase>
</testsuite>