<?xml version="1.0" encoding="UTF-8"?>
<testsuite xmlns:xsi="http://www.w3.org/2001/XMLSchema-instance" xsi:noNamespaceSchemaLocation="https://maven.apache.org/surefire/maven-surefire-plugin/xsd/surefire-test-report-3.0.xsd" version="3.0" name="ec.edu.espe.complexoperations.controller.PersonControllerTest" time="0.093" tests="2" errors="0" skipped="0" failures="0">
  <properties>
[...]
</properties>
  <testcase name="testComputeAgeInDays" classname="ec.edu.espe.complexoperations.controller.PersonControllerTest" time="0.062">
    <system-out><![CDATA[computeAgeInDays
]]></system-out>
  </testcase>
  <testcase name="testComputeAgeInYears" classname="ec.edu.espe.complexoperations.controller.PersonControllerTest" time="0.004">
    <system-out><![CDATA[computeAgeInYears
]]></system-out>
  </testcase>
</testsuite>