<?xml version="1.0" encoding="UTF-8"?>
<testsuite xmlns:xsi="http://www.w3.org/2001/XMLSchema-instance" xsi:noNamespaceSchemaLocation="https://maven.apache.org/surefire/maven-surefire-plugin/xsd/surefire-test-report-3.0.xsd" version="3.0" name="com.mycompany.complexoperations.controller.OperationTest" time="0.052" tests="3" errors="0" skipped="0" failures="0">
  <properties>
[...]
</properties>
  <testcase name="testAddTwoNumbersOneNegative" classname="com.mycompany.complexoperations.controller.OperationTest" time="0.031">
    <system-out><![CDATA[addTwoNumbers
]]></system-out>
  </testcase>
  <testcase name="testAddTwoNumbersPositive" classname="com.mycompany.complexoperations.controller.OperationTest" time="0.002">
    <system-out><![CDATA[addTwoNumbers
]]></system-out>
  </testcase>
  <testcase name="testAddTwoNumbers" classname="com.mycompany.complexoperations.controller.OperationTest" time="0.001">
    <system-out><![CDATA[addTwoNumbers
]]></system-out>
  </testcase>
</testsuite>