<?xml version="1.0" encoding="UTF-8"?>
<testsuite xmlns:xsi="http://www.w3.org/2001/XMLSchema-instance" xsi:noNamespaceSchemaLocation="https://maven.apache.org/surefire/maven-surefire-plugin/xsd/surefire-test-report-3.0.xsd" version="3.0" name="ec.esu.espe.quizz.controller.CylinderAreaControllerTest" time="0.119" tests="10" errors="0" skipped="0" failures="0">
  <properties>
[...]
</properties>
  <testcase name="testComputeCylinderArea1" classname="ec.esu.espe.quizz.controller.CylinderAreaControllerTest" time="0.053">
    <system-out><![CDATA[computeCylinderArea
]]></system-out>
  </testcase>
  <testcase name="testComputeCylinderArea2" classname="ec.esu.espe.quizz.controller.CylinderAreaControllerTest" time="0.004">
    <system-out><![CDATA[computeCylinderArea
]]></system-out>
  </testcase>
  <testcase name="testComputeCylinderArea3" classname="ec.esu.espe.quizz.controller.CylinderAreaControllerTest" time="0.002">
    <system-out><![CDATA[computeCylinderArea
]]></system-out>
  </testcase>
  <testcase name="testComputeCylinderArea4" classname="ec.esu.espe.quizz.controller.CylinderAreaControllerTest" time="0.002">
    <system-out><![CDATA[computeCylinderArea
]]></system-out>
  </testcase>
  <testcase name="testComputeCylinderArea5" classname="ec.esu.espe.quizz.controller.CylinderAreaControllerTest" time="0.002">
    <system-out><![CDATA[computeCylinderArea
]]></system-out>
  </testcase>
  <testcase name="testComputeCylinderArea6" classname="ec.esu.espe.quizz.controller.CylinderAreaControllerTest" time="0.002">
    <system-out><![CDATA[computeCylinderArea
]]></system-out>
  </testcase>
  <testcase name="testComputeCylinderArea7" classname="ec.esu.espe.quizz.controller.CylinderAreaControllerTest" time="0.003">
    <system-out><![CDATA[computeCylinderArea
]]></system-out>
  </testcase>
  <testcase name="testComputeCylinderArea8" classname="ec.esu.espe.quizz.controller.CylinderAreaControllerTest" time="0.001">
    <system-out><![CDATA[computeCylinderArea
]]></system-out>
  </testcase>
  <testcase name="testComputeCylinderArea9" classname="ec.esu.espe.quizz.controller.CylinderAreaControllerTest" time="0.001">
    <system-out><![CDATA[computeCylinderArea
]]></system-out>
  </testcase>
  <testcase name="testComputeCylinderArea10" classname="ec.esu.espe.quizz.controller.CylinderAreaControllerTest" time="0.001">
    <system-out><![CDATA[computeCylinderArea
]]></system-out>
  </testcase>
</testsuite>